<?xml version="1.0" encoding="UTF-8"?>
<!-- Generated by org.testng.reporters.JUnitXMLReporter -->
<testsuite ignored="0" hostname="DESKTOP-O6I509E" failures="1" tests="1" name="Test2" time="10.871" errors="0" timestamp="2023-01-12T12:10:14 IST">
  <testcase classname="Hr_Head_Login.CreateBranchHrHead" name="createBranch" time="0.017">
    <failure type="java.lang.Error" message="Unresolved compilation problem: 
	The method addBranch(String, WebDriverUtility, WebDriver) in the type Hr_Head_BranchDashboard is not applicable for the arguments (String)
">
      <![CDATA[java.lang.Error: Unresolved compilation problem: 
The method addBranch(String, WebDriverUtility, WebDriver) in the type Hr_Head_BranchDashboard is not applicable for the arguments (String)

at Hr_Head_Login.CreateBranchHrHead.createBranch(CreateBranchHrHead.java:18)
at java.base/java.util.ArrayList.forEach(ArrayList.java:1511)
at java.base/java.util.concurrent.FutureTask.run(FutureTask.java:264)
at java.base/java.util.concurrent.ThreadPoolExecutor.runWorker(ThreadPoolExecutor.java:1136)
at java.base/java.util.concurrent.ThreadPoolExecutor$Worker.run(ThreadPoolExecutor.java:635)
at java.base/java.lang.Thread.run(Thread.java:833)
... Removed 16 stack frames]]>
    </failure>
  </testcase> <!-- createBranch -->
</testsuite> <!-- Test2 -->
