<?xml version="1.0" encoding="UTF-8"?>
<!-- Generated by org.testng.reporters.JUnitXMLReporter -->
<testsuite ignored="0" hostname="DESKTOP-O6I509E" failures="0" tests="4" name="testrunner2" time="0.075" errors="0" timestamp="2023-01-12T10:39:32 IST">
  <testcase classname="Practice_Package.Sample1" name="createEmployee" time="0.013"/>
  <testcase classname="Practice_Package.Sample1" name="updateEmployee" time="0.003"/>
  <testcase classname="Practice_Package.Sample4" name="createCorporate" time="0.004"/>
  <testcase classname="Practice_Package.Sample4" name="updateCorporate" time="0.002"/>
</testsuite> <!-- testrunner2 -->
