<?xml version="1.0" encoding="UTF-8"?>
<!-- Generated by org.testng.reporters.JUnitXMLReporter -->
<testsuite ignored="0" hostname="DESKTOP-O6I509E" failures="0" tests="4" name="testrunner1" time="0.077" errors="0" timestamp="2023-01-12T10:39:32 IST">
  <testcase classname="Practice_Package.Sample3" name="deleteBranch" time="0.013"/>
  <testcase classname="Practice_Package.Sample3" name="updateBranch" time="0.002"/>
  <testcase classname="Practice_Package.Sample2" name="createBranch" time="0.005"/>
  <testcase classname="Practice_Package.Sample2" name="deleteEmployee" time="0.001"/>
</testsuite> <!-- testrunner1 -->
