<?xml version="1.0" encoding="UTF-8"?>
<!-- Generated by org.testng.reporters.JUnitXMLReporter -->
<testsuite ignored="0" hostname="DESKTOP-O6I509E" failures="0" tests="4" name="Test" time="0.074" errors="0" timestamp="2023-01-11T10:44:04 IST">
  <testcase classname="Practice_Package.Sample2" name="createBranch" time="0.012"/>
  <testcase classname="Practice_Package.Sample2" name="deleteEmployee" time="0.004"/>
  <testcase classname="Practice_Package.Sample1" name="createEmployee" time="0.002"/>
  <testcase classname="Practice_Package.Sample1" name="updateEmployee" time="0.002"/>
</testsuite> <!-- Test -->
